<?xml version="1.0" encoding="UTF-8"?>
<!-- Generated by org.testng.reporters.JUnitXMLReporter -->
<testsuite hostname="LAPTOP-N9UP1OBF" ignored="0" name="chromeTest" tests="4" failures="0" timestamp="2023-04-16T21:56:21 IST" time="27.065" errors="0">
  <testcase name="pageurl" time="0.541" classname="TestRunner.SeleniumTask"/>
  <testcase name="login" time="5.252" classname="TestRunner.SeleniumTask"/>
  <testcase name="Filter" time="6.746" classname="TestRunner.SeleniumTask"/>
  <testcase name="checkout" time="6.101" classname="TestRunner.SeleniumTask"/>
</testsuite> <!-- chromeTest -->
