<?xml version="1.0" encoding="UTF-8"?>
<!-- Generated by org.testng.reporters.JUnitXMLReporter -->
<testsuite hostname="LAPTOP-N9UP1OBF" ignored="0" name="edgeTest" tests="4" failures="0" timestamp="2023-04-16T21:56:45 IST" time="23.815" errors="0">
  <testcase name="pageurl" time="1.044" classname="TestRunner.SeleniumTask"/>
  <testcase name="login" time="4.667" classname="TestRunner.SeleniumTask"/>
  <testcase name="Filter" time="6.734" classname="TestRunner.SeleniumTask"/>
  <testcase name="checkout" time="6.302" classname="TestRunner.SeleniumTask"/>
</testsuite> <!-- edgeTest -->
