<?xml version="1.0" encoding="UTF-8"?>
<testng-results skipped="0" failed="0" ignored="0" total="8" passed="8">
  <reporter-output>
  </reporter-output>
  <suite name="Suite" duration-ms="50929" started-at="2023-04-16T21:55:54 IST" finished-at="2023-04-16T21:56:45 IST">
    <groups>
    </groups>
    <test name="chromeTest" duration-ms="27065" started-at="2023-04-16T21:55:54 IST" finished-at="2023-04-16T21:56:21 IST">
      <class name="TestRunner.SeleniumTask">
        <test-method status="PASS" signature="browser(java.lang.String)[pri:0, instance:TestRunner.SeleniumTask@5fcd892a]" name="browser" is-config="true" duration-ms="8362" started-at="2023-04-16T21:55:54 IST" finished-at="2023-04-16T21:56:02 IST">
          <params>
            <param index="0">
              <value>
                <![CDATA[chrome]]>
              </value>
            </param>
          </params>
          <reporter-output>
          </reporter-output>
        </test-method> <!-- browser -->
        <test-method status="PASS" signature="pageurl()[pri:2, instance:TestRunner.SeleniumTask@5fcd892a]" name="pageurl" duration-ms="541" started-at="2023-04-16T21:56:02 IST" finished-at="2023-04-16T21:56:03 IST">
          <reporter-output>
          </reporter-output>
        </test-method> <!-- pageurl -->
        <test-method status="PASS" signature="login()[pri:3, instance:TestRunner.SeleniumTask@5fcd892a]" name="login" duration-ms="5252" started-at="2023-04-16T21:56:03 IST" finished-at="2023-04-16T21:56:08 IST">
          <reporter-output>
          </reporter-output>
        </test-method> <!-- login -->
        <test-method status="PASS" signature="Filter()[pri:4, instance:TestRunner.SeleniumTask@5fcd892a]" name="Filter" duration-ms="6746" started-at="2023-04-16T21:56:08 IST" finished-at="2023-04-16T21:56:15 IST">
          <reporter-output>
          </reporter-output>
        </test-method> <!-- Filter -->
        <test-method status="PASS" signature="checkout()[pri:5, instance:TestRunner.SeleniumTask@5fcd892a]" name="checkout" duration-ms="6101" started-at="2023-04-16T21:56:15 IST" finished-at="2023-04-16T21:56:21 IST">
          <reporter-output>
          </reporter-output>
        </test-method> <!-- checkout -->
      </class> <!-- TestRunner.SeleniumTask -->
    </test> <!-- chromeTest -->
    <test name="edgeTest" duration-ms="23815" started-at="2023-04-16T21:56:21 IST" finished-at="2023-04-16T21:56:45 IST">
      <class name="TestRunner.SeleniumTask">
        <test-method status="PASS" signature="browser(java.lang.String)[pri:0, instance:TestRunner.SeleniumTask@6e2c9341]" name="browser" is-config="true" duration-ms="5051" started-at="2023-04-16T21:56:21 IST" finished-at="2023-04-16T21:56:26 IST">
          <params>
            <param index="0">
              <value>
                <![CDATA[edge]]>
              </value>
            </param>
          </params>
          <reporter-output>
          </reporter-output>
        </test-method> <!-- browser -->
        <test-method status="PASS" signature="pageurl()[pri:2, instance:TestRunner.SeleniumTask@6e2c9341]" name="pageurl" duration-ms="1044" started-at="2023-04-16T21:56:26 IST" finished-at="2023-04-16T21:56:27 IST">
          <reporter-output>
          </reporter-output>
        </test-method> <!-- pageurl -->
        <test-method status="PASS" signature="login()[pri:3, instance:TestRunner.SeleniumTask@6e2c9341]" name="login" duration-ms="4667" started-at="2023-04-16T21:56:27 IST" finished-at="2023-04-16T21:56:32 IST">
          <reporter-output>
          </reporter-output>
        </test-method> <!-- login -->
        <test-method status="PASS" signature="Filter()[pri:4, instance:TestRunner.SeleniumTask@6e2c9341]" name="Filter" duration-ms="6734" started-at="2023-04-16T21:56:32 IST" finished-at="2023-04-16T21:56:39 IST">
          <reporter-output>
          </reporter-output>
        </test-method> <!-- Filter -->
        <test-method status="PASS" signature="checkout()[pri:5, instance:TestRunner.SeleniumTask@6e2c9341]" name="checkout" duration-ms="6302" started-at="2023-04-16T21:56:39 IST" finished-at="2023-04-16T21:56:45 IST">
          <reporter-output>
          </reporter-output>
        </test-method> <!-- checkout -->
      </class> <!-- TestRunner.SeleniumTask -->
    </test> <!-- edgeTest -->
  </suite> <!-- Suite -->
</testng-results>
